ACCEPT 0.0.0.0:2560 PID=16414
ocsp: waiting for OCSP client connections...
ocsp: Received request, 1st line: POST / HTTP/1.0
OCSP Request Data:
    Version: 1 (0x0)
    Requestor List:
        Certificate ID:
          Hash Algorithm: sha1
          Issuer Name Hash: 14E182E751107EFBF747205FFAEBD12E7E26C14D
          Issuer Key Hash: 23F89DBAB3D3BD6ABBB559AADDE8C45E01538ED8
          Serial Number: 1001
    Request Extensions:
        OCSP Nonce: 
            04105E688BB151B969D5DCE2BEC5D47C3F2D
OCSP Response Data:
    OCSP Response Status: successful (0x0)
    Response Type: Basic OCSP Response
    Version: 1 (0x0)
    Responder Id: CN = OCSP Responder
    Produced At: Jul 17 22:43:21 2025 GMT
    Responses:
    Certificate ID:
      Hash Algorithm: sha1
      Issuer Name Hash: 14E182E751107EFBF747205FFAEBD12E7E26C14D
      Issuer Key Hash: 23F89DBAB3D3BD6ABBB559AADDE8C45E01538ED8
      Serial Number: 1001
    Cert Status: good
    This Update: Jul 17 22:43:21 2025 GMT

    Response Extensions:
        OCSP Nonce: 
            04105E688BB151B969D5DCE2BEC5D47C3F2D
    Signature Algorithm: sha256WithRSAEncryption
    Signature Value:
        71:27:1b:37:d6:37:42:25:8f:4c:30:41:e7:53:31:b6:b9:cf:
        5b:57:21:8d:4e:b6:10:5c:4a:d2:82:66:20:fb:44:b7:2d:38:
        e4:17:89:1a:da:f6:e3:40:3e:42:af:a7:68:4c:03:67:e9:20:
        f0:d6:0b:e2:1f:1a:b4:01:14:a4:af:40:38:fa:f0:e2:68:3d:
        ae:29:da:40:7e:7b:ca:cf:45:d5:b0:b9:7b:67:5d:5c:d6:c5:
        47:61:e2:71:74:b3:f6:1e:5b:22:37:12:60:c1:d8:b9:5b:f5:
        e1:8a:3b:f1:c3:ff:3c:bd:a6:49:ac:50:15:c1:ba:ff:0d:16:
        c5:84:50:5e:b7:b0:36:f3:08:11:c4:24:b7:e4:27:7d:37:3d:
        3d:71:0a:2e:3f:51:44:0a:6d:94:ec:d3:36:a7:a3:13:fa:f8:
        28:ce:99:6d:98:30:3e:40:14:5f:6e:07:40:9b:e9:8c:9a:6b:
        8d:08:cc:c5:9d:80:8f:7d:e9:b8:d1:64:fa:22:fd:7e:14:f9:
        ae:ce:0e:aa:bf:13:dc:7b:b3:3e:24:d1:64:63:56:8a:ae:0c:
        e5:84:4d:2c:c5:e6:c7:cf:d6:b2:f2:18:99:f7:db:4d:b5:3f:
        e6:a8:15:4e:ee:bd:67:7a:bb:f3:4a:2b:95:39:e8:68:22:cb:
        b7:db:b2:be
Certificate:
    Data:
        Version: 3 (0x2)
        Serial Number:
            2b:c4:60:ba:67:31:62:6d:46:47:86:97:31:26:54:bf:6b:13:a8:da
        Signature Algorithm: sha256WithRSAEncryption
        Issuer: CN=Root CA
        Validity
            Not Before: Jul 17 21:46:08 2025 GMT
            Not After : Jul 17 21:46:08 2026 GMT
        Subject: CN=OCSP Responder
        Subject Public Key Info:
            Public Key Algorithm: rsaEncryption
                Public-Key: (2048 bit)
                Modulus:
                    00:ad:0a:be:e6:53:b3:a1:d5:97:34:0f:55:e9:ce:
                    d2:a0:7f:31:ab:8b:28:0d:43:92:09:db:dd:28:56:
                    94:6e:42:49:d2:32:e1:82:2e:e0:00:36:c8:6c:3f:
                    55:01:6a:da:d9:1e:eb:18:61:9e:71:7f:2e:b1:c2:
                    cb:5c:46:ac:e8:3b:90:b7:51:60:d7:aa:c6:4a:6c:
                    6d:16:f2:ea:91:ae:1d:f0:da:e0:7b:9d:fd:d5:49:
                    35:e4:36:fc:08:ba:c5:66:b6:61:85:69:20:63:bd:
                    8c:e4:a0:4b:23:3a:a6:9f:51:5b:3a:49:ae:ca:c8:
                    49:7d:e2:e7:07:d4:6e:ae:69:c8:9b:4b:43:92:21:
                    e7:36:d2:4d:cd:90:e7:20:b9:c2:4c:ec:c7:07:82:
                    cf:80:a6:62:ff:4b:fd:0d:6f:0b:c2:68:00:3e:a3:
                    5a:ca:06:bf:fb:b7:23:0d:ee:79:ba:d4:45:d7:d3:
                    2a:9d:64:fd:37:59:2a:b0:4a:4e:ac:63:d3:61:2d:
                    53:73:ec:4f:08:29:81:22:a3:c5:a1:2f:b1:20:e8:
                    28:c9:8b:b0:9f:f9:b8:ab:7b:11:42:d7:61:9f:9d:
                    37:71:f7:f7:19:27:a7:e5:ee:cb:dd:0c:ca:8d:3d:
                    91:dc:71:22:28:3f:58:04:a8:20:9b:78:b0:2d:5c:
                    49:25
                Exponent: 65537 (0x10001)
        X509v3 extensions:
            X509v3 Basic Constraints: 
                CA:FALSE
            X509v3 Subject Key Identifier: 
                41:C7:F5:E8:AD:65:4C:4C:58:38:93:A5:71:8F:BF:B9:5C:00:B6:65
            X509v3 Authority Key Identifier: 
                23:F8:9D:BA:B3:D3:BD:6A:BB:B5:59:AA:DD:E8:C4:5E:01:53:8E:D8
            X509v3 Key Usage: critical
                Digital Signature
            X509v3 Extended Key Usage: critical
      